2025-09-18 21:33:20,268 - model_building - DEBUG - Data loaded from ./data/processed/train_tfidf.csv with shape (4152, 51)
2025-09-18 21:33:20,276 - model_building - DEBUG - Initializing RandomForest model with parameters: {'n_estimators': 25, 'random_state': 42}
2025-09-18 21:33:20,276 - model_building - DEBUG - Model training started with 4152 samples
2025-09-18 21:33:20,468 - model_building - DEBUG - Model training completed
2025-09-18 21:33:20,481 - model_building - DEBUG - Model saved to models/model.pkl
2025-09-19 19:50:44,908 - model_building - DEBUG - Data loaded from ./data/processed/train_tfidf.csv with shape (4152, 51)
2025-09-19 19:50:44,908 - model_building - DEBUG - Initializing RandomForest model with parameters: {'n_estimators': 25, 'random_state': 42}
2025-09-19 19:50:44,908 - model_building - DEBUG - Model training started with 4152 samples
2025-09-19 19:50:45,058 - model_building - DEBUG - Model training completed
2025-09-19 19:50:45,058 - model_building - DEBUG - Model saved to models/model.pkl
2025-09-19 20:55:07,596 - model_building - DEBUG - Parameters retrieved from params.yaml
2025-09-19 20:55:07,612 - model_building - DEBUG - Data loaded from ./data/processed/train_tfidf.csv with shape (4152, 36)
2025-09-19 20:55:07,622 - model_building - DEBUG - Initializing RandomForest model with parameters: {'n_estimators': 22, 'random_state': 2}
2025-09-19 20:55:07,622 - model_building - DEBUG - Model training started with 4152 samples
2025-09-19 20:55:07,726 - model_building - DEBUG - Model training completed
2025-09-19 20:55:07,728 - model_building - DEBUG - Model saved to models/model.pkl
2025-09-19 20:57:49,097 - model_building - DEBUG - Parameters retrieved from params.yaml
2025-09-19 20:57:49,117 - model_building - DEBUG - Data loaded from ./data/processed/train_tfidf.csv with shape (4152, 36)
2025-09-19 20:57:49,119 - model_building - DEBUG - Initializing RandomForest model with parameters: {'n_estimators': 20, 'random_state': 2}
2025-09-19 20:57:49,119 - model_building - DEBUG - Model training started with 4152 samples
2025-09-19 20:57:49,194 - model_building - DEBUG - Model training completed
2025-09-19 20:57:49,211 - model_building - DEBUG - Model saved to models/model.pkl
